INFO: 2022-11-13 23:33:48,753: main() 'Using profile folder /home/chris/.config/variety/'
INFO: 2022-11-13 23:33:48,761: perform_upgrade() 'Last run version was 0.8.9 or earlier, current version is 0.8.9'
INFO: 2022-11-13 23:33:49,190: process_command() 'Received command: []'
INFO: 2022-11-13 23:33:49,193: start() 'Using data_path /usr/share/variety'
INFO: 2022-11-13 23:33:49,193: load() 'Jumble loading'
INFO: 2022-11-13 23:33:49,194: _walk_modules() 'Jumble loading module in __init__ from /usr/lib/python3.10/site-packages/variety/plugins/builtin/__init__.py'
INFO: 2022-11-13 23:33:49,196: _walk_modules() 'Jumble loading module in UrbanDictionarySource from /usr/lib/python3.10/site-packages/variety/plugins/builtin/quotes/UrbanDictionarySource.py'
INFO: 2022-11-13 23:33:49,198: load() 'Jumble found plugin class: <class 'UrbanDictionarySource.UrbanDictionarySource'>: {'name': 'Urban Dictionary', 'description': 'Displays definitions from Urban Dictionary', 'author': 'James Miller', 'version': '0.1'}'
INFO: 2022-11-13 23:33:49,199: _walk_modules() 'Jumble loading module in FortuneSource from /usr/lib/python3.10/site-packages/variety/plugins/builtin/quotes/FortuneSource.py'
INFO: 2022-11-13 23:33:49,201: load() 'Jumble found plugin class: <class 'FortuneSource.FortuneSource'>: {'name': 'UNIX fortune program', 'description': 'Displays quotes using the UNIX fortune program. You may want to install additional fortune packs, e.g. fortunes-bofh-excuses.', 'author': 'Dan Jones', 'version': '0.1'}'
INFO: 2022-11-13 23:33:49,202: _walk_modules() 'Jumble loading module in GoodreadsSource from /usr/lib/python3.10/site-packages/variety/plugins/builtin/quotes/GoodreadsSource.py'
INFO: 2022-11-13 23:33:49,219: load() 'Jumble found plugin class: <class 'GoodreadsSource.GoodreadsSource'>: {'name': 'Goodreads', 'description': 'Fetches quotes from Goodreads.com', 'author': 'Peter Levi', 'version': '0.1'}'
INFO: 2022-11-13 23:33:49,219: _walk_modules() 'Jumble loading module in __init__ from /usr/lib/python3.10/site-packages/variety/plugins/builtin/quotes/__init__.py'
INFO: 2022-11-13 23:33:49,221: _walk_modules() 'Jumble loading module in QuotationsPageSource from /usr/lib/python3.10/site-packages/variety/plugins/builtin/quotes/QuotationsPageSource.py'
INFO: 2022-11-13 23:33:49,222: load() 'Jumble found plugin class: <class 'QuotationsPageSource.QuotationsPageSource'>: {'name': 'TheQuotationsPage.com', 'description': 'Fetches quotes from TheQuotationsPage.com', 'author': 'Peter Levi', 'version': '0.1'}'
INFO: 2022-11-13 23:33:49,223: _walk_modules() 'Jumble loading module in LocalFilesSource from /usr/lib/python3.10/site-packages/variety/plugins/builtin/quotes/LocalFilesSource.py'
INFO: 2022-11-13 23:33:49,224: load() 'Jumble found plugin class: <class 'LocalFilesSource.LocalFilesSource'>: {'name': 'Local text files', 'description': 'Displays quotes, defined in local text files.\nPut your own txt files in: ~/.config/variety/pluginconfig/quotes/.\nThe file format is:\n\nquote -- author\n.\nsecond quote -- another author\n.\netc...\n\nExample: http://rvelthuis.de/zips/quotes.txt', 'author': 'Peter Levi', 'version': '0.1'}'
INFO: 2022-11-13 23:33:49,226: _walk_modules() 'Jumble loading module in UnsplashConfigurableSource from /usr/lib/python3.10/site-packages/variety/plugins/builtin/downloaders/UnsplashConfigurableSource.py'
INFO: 2022-11-13 23:33:49,231: load() 'Jumble found plugin class: <class 'UnsplashConfigurableSource.UnsplashConfigurableSource'>: {'name': 'UnsplashConfigurableSource', 'description': 'Configurable source for fetching photos from Unsplash.com', 'author': 'Peter Levi', 'version': '0.1'}'
INFO: 2022-11-13 23:33:49,231: _walk_modules() 'Jumble loading module in RedditDownloader from /usr/lib/python3.10/site-packages/variety/plugins/builtin/downloaders/RedditDownloader.py'
INFO: 2022-11-13 23:33:49,233: _walk_modules() 'Jumble loading module in ArtStationDownloader from /usr/lib/python3.10/site-packages/variety/plugins/builtin/downloaders/ArtStationDownloader.py'
INFO: 2022-11-13 23:33:49,236: _walk_modules() 'Jumble loading module in WallhavenSource from /usr/lib/python3.10/site-packages/variety/plugins/builtin/downloaders/WallhavenSource.py'
INFO: 2022-11-13 23:33:49,245: load() 'Jumble found plugin class: <class 'WallhavenSource.WallhavenSource'>: {'name': 'WallhavenSource', 'description': 'Configurable source for fetching images from Wallhaven.cc', 'author': 'Peter Levi', 'version': '0.1'}'
INFO: 2022-11-13 23:33:49,246: _walk_modules() 'Jumble loading module in EarthviewDownloader from /usr/lib/python3.10/site-packages/variety/plugins/builtin/downloaders/EarthviewDownloader.py'
INFO: 2022-11-13 23:33:49,248: load() 'Jumble found plugin class: <class 'EarthviewDownloader.EarthviewDownloader'>: {'name': 'EarthviewDownloader', 'description': 'Google Earth View Wallpapers', 'author': 'Peter Levi', 'version': '0.1'}'
INFO: 2022-11-13 23:33:49,250: _walk_modules() 'Jumble loading module in BingDownloader from /usr/lib/python3.10/site-packages/variety/plugins/builtin/downloaders/BingDownloader.py'
INFO: 2022-11-13 23:33:49,252: load() 'Jumble found plugin class: <class 'BingDownloader.BingDownloader'>: {'name': 'BingDownloader', 'description': 'Bing Photo of the Day', 'author': 'Peter Levi', 'version': '0.1'}'
INFO: 2022-11-13 23:33:49,253: _walk_modules() 'Jumble loading module in RedditSource from /usr/lib/python3.10/site-packages/variety/plugins/builtin/downloaders/RedditSource.py'
INFO: 2022-11-13 23:33:49,256: load() 'Jumble found plugin class: <class 'RedditSource.RedditSource'>: {'name': 'RedditSource', 'description': 'Configurable source for fetching images from Reddit', 'author': 'Peter Levi', 'version': '0.1'}'
INFO: 2022-11-13 23:33:49,258: _walk_modules() 'Jumble loading module in ArtStationSource from /usr/lib/python3.10/site-packages/variety/plugins/builtin/downloaders/ArtStationSource.py'
INFO: 2022-11-13 23:33:49,261: load() 'Jumble found plugin class: <class 'ArtStationSource.ArtStationSource'>: {'name': 'ArtStationSource', 'description': 'Configurable source for fetching images from ArtStation', 'author': 'Denis Gordeev', 'version': '0.1'}'
INFO: 2022-11-13 23:33:49,262: _walk_modules() 'Jumble loading module in WallhavenDownloader from /usr/lib/python3.10/site-packages/variety/plugins/builtin/downloaders/WallhavenDownloader.py'
INFO: 2022-11-13 23:33:49,265: _walk_modules() 'Jumble loading module in MediaRSSDownloader from /usr/lib/python3.10/site-packages/variety/plugins/builtin/downloaders/MediaRSSDownloader.py'
INFO: 2022-11-13 23:33:49,268: _walk_modules() 'Jumble loading module in WallhavenLegacyDownloader from /usr/lib/python3.10/site-packages/variety/plugins/builtin/downloaders/WallhavenLegacyDownloader.py'
INFO: 2022-11-13 23:33:49,271: _walk_modules() 'Jumble loading module in APODDownloader from /usr/lib/python3.10/site-packages/variety/plugins/builtin/downloaders/APODDownloader.py'
INFO: 2022-11-13 23:33:49,272: load() 'Jumble found plugin class: <class 'APODDownloader.APODDownloader'>: {'name': 'APODDownloader', 'description': 'NASA Astro Pic of the Day', 'author': 'Peter Levi', 'version': '0.1'}'
INFO: 2022-11-13 23:33:49,273: _walk_modules() 'Jumble loading module in MediaRSSSource from /usr/lib/python3.10/site-packages/variety/plugins/builtin/downloaders/MediaRSSSource.py'
INFO: 2022-11-13 23:33:49,276: load() 'Jumble found plugin class: <class 'MediaRSSSource.MediaRSSSource'>: {'name': 'MediaRSSSource', 'description': 'Configurable source for fetching images from MediaRSS feeds', 'author': 'Peter Levi', 'version': '0.1'}'
INFO: 2022-11-13 23:33:49,277: _walk_modules() 'Jumble loading module in NationalGeographicDownloader from /usr/lib/python3.10/site-packages/variety/plugins/builtin/downloaders/NationalGeographicDownloader.py'
INFO: 2022-11-13 23:33:49,279: load() 'Jumble found plugin class: <class 'NationalGeographicDownloader.NationalGeographicDownloader'>: {'name': 'NationalGeographicDownloader', 'description': "National Geographic's photo of the day", 'author': 'Eric RÃ¶sch', 'version': '0.1'}'
INFO: 2022-11-13 23:33:49,279: _walk_modules() 'Jumble loading module in __init__ from /usr/lib/python3.10/site-packages/variety/plugins/builtin/downloaders/__init__.py'
INFO: 2022-11-13 23:33:49,280: _walk_modules() 'Jumble loading module in UnsplashDownloader from /usr/lib/python3.10/site-packages/variety/plugins/builtin/downloaders/UnsplashDownloader.py'
INFO: 2022-11-13 23:33:49,281: load() 'Jumble found plugin class: <class 'UnsplashDownloader.UnsplashDownloader'>: {'name': 'UnsplashDownloader', 'description': 'High-resolution photos from Unsplash.com', 'author': 'Peter Levi', 'version': '0.1'}'
INFO: 2022-11-13 23:33:49,282: _walk_modules() 'Jumble loading module in ResizingDisplayModesPlugin from /usr/lib/python3.10/site-packages/variety/plugins/builtin/display_modes/ResizingDisplayModesPlugin.py'
INFO: 2022-11-13 23:33:49,284: load() 'Jumble found plugin class: <class 'ResizingDisplayModesPlugin.ResizingDisplayModesPlugin'>: {'name': 'ResizingDisplayModesPlugin', 'description': 'Display modes that use image resizing within Variety', 'version': '1.0', 'author': 'Peter Levi'}'
INFO: 2022-11-13 23:33:49,285: _walk_modules() 'Jumble loading module in GnomeDisplayModesPlugin from /usr/lib/python3.10/site-packages/variety/plugins/builtin/display_modes/GnomeDisplayModesPlugin.py'
INFO: 2022-11-13 23:33:49,286: load() 'Jumble found plugin class: <class 'GnomeDisplayModesPlugin.GnomeDisplayModesPlugin'>: {'name': 'GnomeDisplayModesPlugin', 'description': 'Display modes relying on the underlying desktop environment', 'version': '1.0', 'author': 'Peter Levi'}'
INFO: 2022-11-13 23:33:49,287: _walk_modules() 'Jumble loading module in __init__ from /usr/lib/python3.10/site-packages/variety/plugins/builtin/display_modes/__init__.py'
INFO: 2022-11-13 23:33:49,289: _walk_modules() 'Jumble loading module in LegacyDisplayModesPlugin from /usr/lib/python3.10/site-packages/variety/plugins/builtin/display_modes/LegacyDisplayModesPlugin.py'
INFO: 2022-11-13 23:33:49,291: load() 'Jumble found plugin class: <class 'LegacyDisplayModesPlugin.LegacyDisplayModesPlugin'>: {'name': 'LegacyDisplayModesPlugin', 'description': 'Legacy display mode for compatibility with past Variety versions', 'version': '1.0', 'author': 'Peter Levi'}'
INFO: 2022-11-13 23:33:49,352: log_options() 'Loaded options:'
INFO: 2022-11-13 23:33:49,353: log_options() 'change_enabled = False'
INFO: 2022-11-13 23:33:49,353: log_options() 'change_interval = 1800'
INFO: 2022-11-13 23:33:49,353: log_options() 'change_on_start = True'
INFO: 2022-11-13 23:33:49,353: log_options() 'clipboard_enabled = False'
INFO: 2022-11-13 23:33:49,353: log_options() 'clipboard_hosts = ['wallhaven.cc', 'wallpapers.net', 'flickr.com', 'imgur.com', 'deviantart.com', 'interfacelift.com', 'vladstudio.com', 'imageshack.us', 'deviantart.net', 'imageshack.com']'
INFO: 2022-11-13 23:33:49,353: log_options() 'clipboard_use_whitelist = True'
INFO: 2022-11-13 23:33:49,354: log_options() 'clock_date_font = Serif 30'
INFO: 2022-11-13 23:33:49,354: log_options() 'clock_enabled = False'
INFO: 2022-11-13 23:33:49,354: log_options() 'clock_filter = -density 100 -font `fc-match -f '%{file[0]}' '%CLOCK_FONT_NAME'` -pointsize %CLOCK_FONT_SIZE -gravity SouthEast -fill '#00000044' -annotate 0x0+[%HOFFSET+58]+[%VOFFSET+108] '%H:%M' -fill white -annotate 0x0+[%HOFFSET+60]+[%VOFFSET+110] '%H:%M' -font `fc-match -f '%{file[0]}' '%DATE_FONT_NAME'` -pointsize %DATE_FONT_SIZE -fill '#00000044' -annotate 0x0+[%HOFFSET+58]+[%VOFFSET+58] '%A, %B %d' -fill white -annotate 0x0+[%HOFFSET+60]+[%VOFFSET+60] '%A, %B %d''
INFO: 2022-11-13 23:33:49,354: log_options() 'clock_font = Serif 70'
INFO: 2022-11-13 23:33:49,354: log_options() 'configfile = /home/chris/.config/variety/variety.conf'
INFO: 2022-11-13 23:33:49,354: log_options() 'copyto_enabled = False'
INFO: 2022-11-13 23:33:49,354: log_options() 'copyto_folder = Default'
INFO: 2022-11-13 23:33:49,354: log_options() 'desired_color = [160, 160, 160]'
INFO: 2022-11-13 23:33:49,355: log_options() 'desired_color_enabled = False'
INFO: 2022-11-13 23:33:49,355: log_options() 'download_folder = /home/chris/.config/variety/Downloaded'
INFO: 2022-11-13 23:33:49,355: log_options() 'download_preference_ratio = 0.9'
INFO: 2022-11-13 23:33:49,355: log_options() 'favorites_folder = /home/chris/.config/variety/Favorites'
INFO: 2022-11-13 23:33:49,355: log_options() 'favorites_operations = [['Downloaded', 'Copy'], ['Fetched', 'Move'], ['Others', 'Copy']]'
INFO: 2022-11-13 23:33:49,355: log_options() 'fetched_folder = /home/chris/.config/variety/Fetched'
INFO: 2022-11-13 23:33:49,355: log_options() 'filters = [[False, 'Keep original', ''], [False, 'Grayscale', '-type Grayscale'], [False, 'Heavy blur', '-scale 20% -blur 0x10 -resize 500%'], [False, 'Soft blur', '-scale 20% -blur 0x2 -resize 500%'], [False, 'Oil painting', '-paint 8'], [False, 'Pointilism', '-spread 10 -noise 3'], [False, 'Pixellate', '-scale 3% -scale 3333%']]'
INFO: 2022-11-13 23:33:49,355: log_options() 'get_wallpaper_script = /home/chris/.config/variety/scripts/get_wallpaper_arco'
INFO: 2022-11-13 23:33:49,356: log_options() 'icon = Light'
INFO: 2022-11-13 23:33:49,356: log_options() 'internet_enabled = True'
INFO: 2022-11-13 23:33:49,356: log_options() 'lightness_enabled = False'
INFO: 2022-11-13 23:33:49,356: log_options() 'lightness_mode = 0'
INFO: 2022-11-13 23:33:49,356: log_options() 'min_rating = 4'
INFO: 2022-11-13 23:33:49,356: log_options() 'min_rating_enabled = False'
INFO: 2022-11-13 23:33:49,356: log_options() 'min_size = 80'
INFO: 2022-11-13 23:33:49,356: log_options() 'min_size_enabled = True'
INFO: 2022-11-13 23:33:49,357: log_options() 'quota_enabled = True'
INFO: 2022-11-13 23:33:49,357: log_options() 'quota_size = 1000'
INFO: 2022-11-13 23:33:49,357: log_options() 'quotes_authors = '
INFO: 2022-11-13 23:33:49,357: log_options() 'quotes_bg_color = [80, 80, 80]'
INFO: 2022-11-13 23:33:49,357: log_options() 'quotes_bg_opacity = 0'
INFO: 2022-11-13 23:33:49,357: log_options() 'quotes_change_enabled = True'
INFO: 2022-11-13 23:33:49,357: log_options() 'quotes_change_interval = 1800'
INFO: 2022-11-13 23:33:49,357: log_options() 'quotes_disabled_sources = ['Urban Dictionary']'
INFO: 2022-11-13 23:33:49,357: log_options() 'quotes_enabled = True'
INFO: 2022-11-13 23:33:49,358: log_options() 'quotes_favorites_file = /home/chris/.config/variety/favorite_quotes.txt'
INFO: 2022-11-13 23:33:49,358: log_options() 'quotes_font = Serif 30'
INFO: 2022-11-13 23:33:49,358: log_options() 'quotes_hpos = 54'
INFO: 2022-11-13 23:33:49,358: log_options() 'quotes_max_length = 250'
INFO: 2022-11-13 23:33:49,358: log_options() 'quotes_tags = '
INFO: 2022-11-13 23:33:49,358: log_options() 'quotes_text_color = [255, 255, 255]'
INFO: 2022-11-13 23:33:49,358: log_options() 'quotes_text_shadow = True'
INFO: 2022-11-13 23:33:49,358: log_options() 'quotes_vpos = 18'
INFO: 2022-11-13 23:33:49,359: log_options() 'quotes_width = 70'
INFO: 2022-11-13 23:33:49,359: log_options() 'safe_mode = False'
INFO: 2022-11-13 23:33:49,359: log_options() 'set_wallpaper_script = /home/chris/.config/variety/scripts/set_wallpaper_arco'
INFO: 2022-11-13 23:33:49,359: log_options() 'slideshow_custom_enabled = False'
INFO: 2022-11-13 23:33:49,359: log_options() 'slideshow_custom_folder = /home/chris/Pictures'
INFO: 2022-11-13 23:33:49,359: log_options() 'slideshow_downloads_enabled = False'
INFO: 2022-11-13 23:33:49,359: log_options() 'slideshow_fade = 0.4'
INFO: 2022-11-13 23:33:49,359: log_options() 'slideshow_favorites_enabled = True'
INFO: 2022-11-13 23:33:49,359: log_options() 'slideshow_mode = Fullscreen'
INFO: 2022-11-13 23:33:49,360: log_options() 'slideshow_monitor = All'
INFO: 2022-11-13 23:33:49,360: log_options() 'slideshow_pan = 0.05'
INFO: 2022-11-13 23:33:49,360: log_options() 'slideshow_seconds = 6.0'
INFO: 2022-11-13 23:33:49,360: log_options() 'slideshow_sort_order = Random'
INFO: 2022-11-13 23:33:49,360: log_options() 'slideshow_sources_enabled = True'
INFO: 2022-11-13 23:33:49,360: log_options() 'slideshow_zoom = 0.2'
INFO: 2022-11-13 23:33:49,360: log_options() 'smart_enabled = False'
INFO: 2022-11-13 23:33:49,360: log_options() 'smart_notice_shown = False'
INFO: 2022-11-13 23:33:49,360: log_options() 'smart_register_shown = False'
INFO: 2022-11-13 23:33:49,361: log_options() 'sources = [[True, 'favorites', 'The Favorites folder'], [False, 'fetched', 'The Fetched folder'], [True, 'folder', '/usr/share/backgrounds'], [False, 'flickr', 'user:www.flickr.com/photos/peter-levi/;user_id:93647178@N00;'], [False, 'apod', "NASA's Astronomy Picture of the Day"], [False, 'bing', 'Bing Photo of the Day'], [False, 'earthview', 'Google Earth View Wallpapers'], [False, 'natgeo', "National Geographic's photo of the day"], [False, 'unsplash', 'High-resolution photos from Unsplash.com']]'
INFO: 2022-11-13 23:33:49,361: log_options() 'stats_enabled = True'
INFO: 2022-11-13 23:33:49,361: log_options() 'stats_notice_shown = False'
INFO: 2022-11-13 23:33:49,361: log_options() 'sync_enabled = True'
INFO: 2022-11-13 23:33:49,361: log_options() 'use_landscape_enabled = True'
INFO: 2022-11-13 23:33:49,361: log_options() 'wallhaven_api_key = '
INFO: 2022-11-13 23:33:49,361: log_options() 'wallpaper_auto_rotate = True'
INFO: 2022-11-13 23:33:49,361: log_options() 'wallpaper_display_mode = os'
INFO: 2022-11-13 23:33:49,362: reload_config() 'No need to clear prepared queue'
INFO: 2022-11-13 23:33:49,362: start() 'Starting QuotesEngine'
INFO: 2022-11-13 23:33:49,367: prepare_thread() 'Quotes prepare thread running'
INFO: 2022-11-13 23:33:49,367: regular_change_thread() 'Quotes regular change thread running'
INFO: 2022-11-13 23:33:49,368: prepare_thread() 'Quotes prepared buffer contains 0 quotes, fetching a quote'
INFO: 2022-11-13 23:33:49,368: on_options_updated() 'Quotes: clearing prepared and updating plugins'
INFO: 2022-11-13 23:33:49,368: get_for_search_url() 'Fetching quotes from Goodreads for search url=http://www.quotationspage.com/random.php'
INFO: 2022-11-13 23:33:49,370: update_indicator() 'Setting file info to: /usr/share/backgrounds/arcolinux/escape-to-italy-1920x1200.jpg'
INFO: 2022-11-13 23:33:49,381: load_banned() 'Missing or invalid banned URLs list, no URLs will be banned'
INFO: 2022-11-13 23:33:49,381: load_last_change_time() 'Change interval < 6 hours, ignore persisted last_change_time, wait initially the whole interval: 1800'
INFO: 2022-11-13 23:33:49,381: update_indicator() 'Setting file info to: /usr/share/backgrounds/arcolinux/escape-to-italy-1920x1200.jpg'
INFO: 2022-11-13 23:33:49,382: regular_change_thread() 'regular_change thread running'
INFO: 2022-11-13 23:33:49,383: prepare_thread() 'Prepare thread running'
INFO: 2022-11-13 23:33:49,383: prepare_thread() 'Prepared buffer contains 0 images'
INFO: 2022-11-13 23:33:49,383: prepare_thread() 'Preparing some images'
INFO: 2022-11-13 23:33:49,386: update_indicator_icon() 'Creating indicator'
WARNING: 2022-11-13 23:33:49,395: create_menu() 'Variety Slideshow is not installed. This is an optional extension adding pan-and-zoom slideshows to Variety: see https://github.com/peterlevi/variety-slideshow for details'
INFO: 2022-11-13 23:33:49,396: create_indicator() 'indicator backend: AppIndicator3'
INFO: 2022-11-13 23:33:49,470: set_from_theme_icon() 'Showing indicator icon variety-indicator from GTK theme'
INFO: 2022-11-13 23:33:49,481: do_set_wp() 'Calling do_set_wp with /usr/share/backgrounds/arcolinux/escape-to-italy-1920x1200.jpg, time: 1668382429.4813852'
INFO: 2022-11-13 23:33:49,484: apply_auto_rotate() 'ImageMagick auto-rotate cmd: convert /usr/share/backgrounds/arcolinux/escape-to-italy-1920x1200.jpg -auto-orient /home/chris/.config/variety/wallpaper/wallpaper-auto-rotated-5dc049f343fb7e38e79913f59fe584c2.jpg'
INFO: 2022-11-13 23:33:49,605: prepare_thread() 'After search prepared buffer contains 21 images'
INFO: 2022-11-13 23:33:49,905: update_indicator() 'Setting file info to: /usr/share/backgrounds/arcolinux/escape-to-italy-1920x1200.jpg'
INFO: 2022-11-13 23:33:49,961: get_for_search_url() 'Used QuotationsPage url http://www.quotationspage.com/random.php'
INFO: 2022-11-13 23:33:50,481: do_set_wp() 'Calling do_set_wp with /usr/share/backgrounds/arcolinux/escape-to-italy-1920x1200.jpg, time: 1668382430.4818609'
INFO: 2022-11-13 23:33:51,024: reload() 'Reloading preferences dialog'
INFO: 2022-11-13 23:33:51,606: trigger_download() 'Triggering download thread to check if download needed and possible'
INFO: 2022-11-13 23:33:51,994: prepare_thread() 'Quotes prepared buffer contains 0 quotes, fetching a quote'
INFO: 2022-11-13 23:33:51,994: get_for_keyword() 'Fetching quotes from Goodreads for keyword=fear'
INFO: 2022-11-13 23:33:54,383: set_wallpaper() 'Calling set_wallpaper with /usr/share/backgrounds/arcolinux/arco-login.jpg'
INFO: 2022-11-13 23:33:54,383: prepare_thread() 'Prepared buffer contains 20 images'
INFO: 2022-11-13 23:33:54,384: do_set_wp() 'Calling do_set_wp with /usr/share/backgrounds/arcolinux/arco-login.jpg, time: 1668382434.3848968'
INFO: 2022-11-13 23:33:54,385: regular_change_thread() 'regular_change: waiting till user resumes'
INFO: 2022-11-13 23:33:55,687: get_from_soup() 'Used Goodreads url https://www.goodreads.com/quotes/tag?utf8=%E2%9C%93&id=fear&page=59'
INFO: 2022-11-13 23:33:56,385: trigger_download() 'Triggering download thread to check if download needed and possible'
INFO: 2022-11-13 23:33:57,700: prepare_thread() 'Quotes prepared buffer contains 1 quotes, fetching a quote'
ERROR: 2022-11-13 23:33:57,707: get_one_quote() 'Exception in quote plugin'
Traceback (most recent call last):
  File "/usr/lib/python3.10/site-packages/variety/QuotesEngine.py", line 286, in get_one_quote
    quotes = plugin["plugin"].get_random()
  File "/usr/lib/python3.10/site-packages/variety/plugins/builtin/quotes/FortuneSource.py", line 48, in get_random
    fortune = subprocess.check_output(["fortune"]).decode().strip()
  File "/usr/lib/python3.10/subprocess.py", line 421, in check_output
    return run(*popenargs, stdout=PIPE, timeout=timeout, check=True,
  File "/usr/lib/python3.10/subprocess.py", line 503, in run
    with Popen(*popenargs, **kwargs) as process:
  File "/usr/lib/python3.10/subprocess.py", line 971, in __init__
    self._execute_child(args, executable, preexec_fn, close_fds,
  File "/usr/lib/python3.10/subprocess.py", line 1847, in _execute_child
    raise child_exception_type(errno_num, err_msg, err_filename)
FileNotFoundError: [Errno 2] No such file or directory: 'fortune'
INFO: 2022-11-13 23:33:59,712: prepare_thread() 'Quotes prepared buffer contains 2 quotes, fetching a quote'
ERROR: 2022-11-13 23:33:59,906: set_desktop_wallpaper() 'Timeout while running set_wallpaper script, killed'
INFO: 2022-11-13 23:33:59,907: apply_auto_rotate() 'ImageMagick auto-rotate cmd: convert /usr/share/backgrounds/arcolinux/escape-to-italy-1920x1200.jpg -auto-orient /home/chris/.config/variety/wallpaper/wallpaper-auto-rotated-b3f01ab38a6f1b5c635b4157d3c1faab.jpg'
INFO: 2022-11-13 23:34:00,122: compute_trimmed_offsets() 'Trimmed offsets debug info: w:1920, h:1080, ratio:1.777778, iw:1920, ih:1200, scw:1920, sch:1200, ho:0, vo:60'
INFO: 2022-11-13 23:34:00,306: update_indicator() 'Setting file info to: /usr/share/backgrounds/arcolinux/escape-to-italy-1920x1200.jpg'
INFO: 2022-11-13 23:34:01,714: prepare_thread() 'Quotes prepared buffer contains 3 quotes, fetching a quote'
INFO: 2022-11-13 23:34:03,716: prepare_thread() 'Quotes prepared buffer contains 4 quotes, fetching a quote'
INFO: 2022-11-13 23:34:05,717: prepare_thread() 'Quotes prepared buffer contains 5 quotes, fetching a quote'
INFO: 2022-11-13 23:34:07,720: prepare_thread() 'Quotes prepared buffer contains 6 quotes, fetching a quote'
INFO: 2022-11-13 23:34:09,404: server_options_thread() 'Fetching server options from http://tiny.cc/variety-options-063'
INFO: 2022-11-13 23:34:09,720: prepare_thread() 'Quotes prepared buffer contains 7 quotes, fetching a quote'
ERROR: 2022-11-13 23:34:10,307: set_desktop_wallpaper() 'Timeout while running set_wallpaper script, killed'
INFO: 2022-11-13 23:34:10,309: apply_auto_rotate() 'ImageMagick auto-rotate cmd: convert /usr/share/backgrounds/arcolinux/arco-login.jpg -auto-orient /home/chris/.config/variety/wallpaper/wallpaper-auto-rotated-6709d2db10a36050df83e61719315eb0.jpg'
INFO: 2022-11-13 23:34:11,078: compute_trimmed_offsets() 'Trimmed offsets debug info: w:1920, h:1080, ratio:1.777778, iw:1920, ih:1080, scw:1920, sch:1080, ho:0, vo:0'
INFO: 2022-11-13 23:34:11,148: update_indicator() 'Setting file info to: /usr/share/backgrounds/arcolinux/arco-login.jpg'
INFO: 2022-11-13 23:34:11,723: prepare_thread() 'Quotes prepared buffer contains 8 quotes, fetching a quote'
INFO: 2022-11-13 23:34:13,724: prepare_thread() 'Quotes prepared buffer contains 9 quotes, fetching a quote'
WARNING: 2022-11-13 23:34:13,724: get_one_quote() 'No quotes for '' for plugin Local text files'
ERROR: 2022-11-13 23:34:21,150: set_desktop_wallpaper() 'Timeout while running set_wallpaper script, killed'
ERROR: 2022-11-13 23:34:29,515: server_options_thread() 'Could not fetch Variety serverside options'
Traceback (most recent call last):
  File "/usr/lib/python3.10/site-packages/urllib3/connection.py", line 174, in _new_conn
    conn = connection.create_connection(
  File "/usr/lib/python3.10/site-packages/urllib3/util/connection.py", line 72, in create_connection
    for res in socket.getaddrinfo(host, port, family, socket.SOCK_STREAM):
  File "/usr/lib/python3.10/socket.py", line 955, in getaddrinfo
    for res in _socket.getaddrinfo(host, port, family, type, proto, flags):
socket.gaierror: [Errno -2] Name or service not known

During handling of the above exception, another exception occurred:

Traceback (most recent call last):
  File "/usr/lib/python3.10/site-packages/urllib3/connectionpool.py", line 703, in urlopen
    httplib_response = self._make_request(
  File "/usr/lib/python3.10/site-packages/urllib3/connectionpool.py", line 398, in _make_request
    conn.request(method, url, **httplib_request_kw)
  File "/usr/lib/python3.10/site-packages/urllib3/connection.py", line 239, in request
    super(HTTPConnection, self).request(method, url, body=body, headers=headers)
  File "/usr/lib/python3.10/http/client.py", line 1282, in request
    self._send_request(method, url, body, headers, encode_chunked)
  File "/usr/lib/python3.10/http/client.py", line 1328, in _send_request
    self.endheaders(body, encode_chunked=encode_chunked)
  File "/usr/lib/python3.10/http/client.py", line 1277, in endheaders
    self._send_output(message_body, encode_chunked=encode_chunked)
  File "/usr/lib/python3.10/http/client.py", line 1037, in _send_output
    self.send(msg)
  File "/usr/lib/python3.10/http/client.py", line 975, in send
    self.connect()
  File "/usr/lib/python3.10/site-packages/urllib3/connection.py", line 205, in connect
    conn = self._new_conn()
  File "/usr/lib/python3.10/site-packages/urllib3/connection.py", line 186, in _new_conn
    raise NewConnectionError(
urllib3.exceptions.NewConnectionError: <urllib3.connection.HTTPConnection object at 0x7f6d902a9120>: Failed to establish a new connection: [Errno -2] Name or service not known

During handling of the above exception, another exception occurred:

Traceback (most recent call last):
  File "/usr/lib/python3.10/site-packages/requests/adapters.py", line 489, in send
    resp = conn.urlopen(
  File "/usr/lib/python3.10/site-packages/urllib3/connectionpool.py", line 787, in urlopen
    retries = retries.increment(
  File "/usr/lib/python3.10/site-packages/urllib3/util/retry.py", line 592, in increment
    raise MaxRetryError(_pool, url, error or ResponseError(cause))
urllib3.exceptions.MaxRetryError: HTTPConnectionPool(host='tiny.cc', port=80): Max retries exceeded with url: /variety-options-063 (Caused by NewConnectionError('<urllib3.connection.HTTPConnection object at 0x7f6d902a9120>: Failed to establish a new connection: [Errno -2] Name or service not known'))

During handling of the above exception, another exception occurred:

Traceback (most recent call last):
  File "/usr/lib/python3.10/site-packages/variety/VarietyWindow.py", line 1084, in server_options_thread
    self.server_options = Util.fetch_json(VarietyWindow.SERVERSIDE_OPTIONS_URL)
  File "/usr/lib/python3.10/site-packages/variety/Util.py", line 684, in fetch_json
    return Util.request(url, data, **request_kwargs).json()
  File "/usr/lib/python3.10/site-packages/variety/Util.py", line 654, in request
    r = requests.request(
  File "/usr/lib/python3.10/site-packages/requests/api.py", line 59, in request
    return session.request(method=method, url=url, **kwargs)
  File "/usr/lib/python3.10/site-packages/requests/sessions.py", line 587, in request
    resp = self.send(prep, **send_kwargs)
  File "/usr/lib/python3.10/site-packages/requests/sessions.py", line 701, in send
    r = adapter.send(request, **kwargs)
  File "/usr/lib/python3.10/site-packages/requests/adapters.py", line 565, in send
    raise ConnectionError(e, request=request)
requests.exceptions.ConnectionError: HTTPConnectionPool(host='tiny.cc', port=80): Max retries exceeded with url: /variety-options-063 (Caused by NewConnectionError('<urllib3.connection.HTTPConnection object at 0x7f6d902a9120>: Failed to establish a new connection: [Errno -2] Name or service not known'))
INFO: 2022-11-13 23:34:59,550: server_options_thread() 'Fetching server options from http://tiny.cc/variety-options-063'
INFO: 2022-11-13 23:35:01,717: server_options_thread() 'Fetched server options: {'flickr': {'min_fill_queue_interval': 1200, 'min_download_interval': 1200}, 'wallbase': {'min_fill_queue_interval': 1800, 'min_download_interval': 1800}, 'wallhaven': {'min_fill_queue_interval': 1800, 'min_download_interval': 1800}, 'wallpapers.net': {'min_fill_queue_interval': 601, 'min_download_interval': 0}, 'unsplash': {'min_fill_queue_interval': 20000000000, 'min_download_interval': 20000000000}, 'unsplash_v2': {'min_fill_queue_interval': 3600, 'min_download_interval': 1800}, 'status_message': {'0.0.1': '', '*': ''}}'
INFO: 2022-11-14 00:03:54,386: regular_change_thread() 'Quotes regular_change changes quote'
INFO: 2022-11-14 00:03:54,398: prepare_thread() 'Quotes prepared buffer contains 9 quotes, fetching a quote'
INFO: 2022-11-14 00:03:54,401: do_set_wp() 'Calling do_set_wp with /usr/share/backgrounds/arcolinux/arco-login.jpg, time: 1668384234.4018476'
WARNING: 2022-11-14 00:03:54,399: get_one_quote() 'No quotes for '' for plugin Local text files'
INFO: 2022-11-14 00:03:54,419: apply_auto_rotate() 'ImageMagick auto-rotate cmd: convert /usr/share/backgrounds/arcolinux/arco-login.jpg -auto-orient /home/chris/.config/variety/wallpaper/wallpaper-auto-rotated-b355b353fb0e7b71106e94e6d9340a1d.jpg'
ERROR: 2022-11-14 00:03:54,412: get_one_quote() 'Exception in quote plugin'
Traceback (most recent call last):
  File "/usr/lib/python3.10/site-packages/variety/QuotesEngine.py", line 286, in get_one_quote
    quotes = plugin["plugin"].get_random()
  File "/usr/lib/python3.10/site-packages/variety/plugins/builtin/quotes/FortuneSource.py", line 48, in get_random
    fortune = subprocess.check_output(["fortune"]).decode().strip()
  File "/usr/lib/python3.10/subprocess.py", line 421, in check_output
    return run(*popenargs, stdout=PIPE, timeout=timeout, check=True,
  File "/usr/lib/python3.10/subprocess.py", line 503, in run
    with Popen(*popenargs, **kwargs) as process:
  File "/usr/lib/python3.10/subprocess.py", line 971, in __init__
    self._execute_child(args, executable, preexec_fn, close_fds,
  File "/usr/lib/python3.10/subprocess.py", line 1847, in _execute_child
    raise child_exception_type(errno_num, err_msg, err_filename)
FileNotFoundError: [Errno 2] No such file or directory: 'fortune'
INFO: 2022-11-14 00:03:55,489: compute_trimmed_offsets() 'Trimmed offsets debug info: w:1920, h:1080, ratio:1.777778, iw:1920, ih:1080, scw:1920, sch:1080, ho:0, vo:0'
INFO: 2022-11-14 00:03:55,636: update_indicator() 'Setting file info to: /usr/share/backgrounds/arcolinux/arco-login.jpg'
ERROR: 2022-11-14 00:04:05,643: set_desktop_wallpaper() 'Timeout while running set_wallpaper script, killed'
